<?xml version="1.0" encoding="utf-8"?><testsuites name="pytest tests"><testsuite name="pytest" errors="0" failures="0" skipped="0" tests="9" time="1.772" timestamp="2026-05-30T03:45:05.102396+00:00" hostname="agent-env-3536bda1-e85d-41df-93ae-85b5950b1c03"><testcase classname="tests.test_admin_player_charts.TestAuthGuards" name="test_non_admin_gets_403" time="1.039" /><testcase classname="tests.test_admin_player_charts.TestAuthGuards" name="test_unknown_player_returns_404" time="0.067" /><testcase classname="tests.test_admin_player_charts.TestChartsPayload" name="test_payload_shape" time="0.076" /><testcase classname="tests.test_admin_player_charts.TestChartsPayload" name="test_boosts_active_timeline_today" time="0.064" /><testcase classname="tests.test_admin_player_charts.TestChartsPayload" name="test_double_week_spans_seven_consecutive_days" time="0.065" /><testcase classname="tests.test_admin_player_charts.TestChartsPayload" name="test_double_day_entry3_active_four_days" time="0.067" /><testcase classname="tests.test_admin_player_charts.TestChartsPayload" name="test_boost_spend_purchase_and_stripe_only" time="0.073" /><testcase classname="tests.test_admin_player_charts.TestChartsPayload" name="test_boost_spend_currency_present" time="0.071" /><testcase classname="tests.test_admin_player_charts.TestGrantBoostSnapshot" name="test_purchase_endpoint_snapshots_paid_amount" time="0.094" /></testsuite></testsuites>