<?xml version="1.0" encoding="utf-8"?><testsuites name="pytest tests"><testsuite name="pytest" errors="0" failures="0" skipped="0" tests="7" time="1.079" timestamp="2026-06-02T04:37:22.268718+00:00" hostname="agent-env-3536bda1-e85d-41df-93ae-85b5950b1c03"><testcase classname="backend.tests.test_bt_iteration6_regression.TestBTSettings" name="test_get_settings_200" time="0.568" /><testcase classname="backend.tests.test_bt_iteration6_regression.TestBTSettings" name="test_post_settings_saves_area" time="0.117" /><testcase classname="backend.tests.test_bt_iteration6_regression.TestBTGroupsLists" name="test_groups_mine_200" time="0.072" /><testcase classname="backend.tests.test_bt_iteration6_regression.TestBTGroupsLists" name="test_groups_available_200" time="0.049" /><testcase classname="backend.tests.test_bt_iteration6_regression.TestBTGroupsCreate" name="test_create_group_returns_created" time="0.106" /><testcase classname="backend.tests.test_bt_iteration6_regression.TestBTSchedule" name="test_get_schedule_200" time="0.051" /><testcase classname="backend.tests.test_bt_iteration6_regression.TestBTSchedule" name="test_post_schedule_200" time="0.056" /></testsuite></testsuites>