<?xml version="1.0" encoding="utf-8"?><testsuites name="pytest tests"><testsuite name="pytest" errors="0" failures="0" skipped="0" tests="17" time="2.682" timestamp="2026-05-26T04:13:26.211653+00:00" hostname="agent-env-3536bda1-e85d-41df-93ae-85b5950b1c03"><testcase classname="backend.tests.test_buried_treasure.TestBtLocation" name="test_location_get_returns_envelope" time="0.826" /><testcase classname="backend.tests.test_buried_treasure.TestBtLocation" name="test_location_post_persists_and_get_reflects" time="0.107" /><testcase classname="backend.tests.test_buried_treasure.TestBtLocation" name="test_location_post_rejects_bad_lat" time="0.046" /><testcase classname="backend.tests.test_buried_treasure.TestBtLocation" name="test_location_post_rejects_tiny_radius" time="0.050" /><testcase classname="backend.tests.test_buried_treasure.TestBtLocation" name="test_location_post_rejects_huge_radius" time="0.050" /><testcase classname="backend.tests.test_buried_treasure.TestBtLocation" name="test_location_post_rejects_missing_fields" time="0.048" /><testcase classname="backend.tests.test_buried_treasure.TestBtChestToday" name="test_chest_today_returns_object" time="0.662" /><testcase classname="backend.tests.test_buried_treasure.TestBtSettings" name="test_settings_get" time="0.049" /><testcase classname="backend.tests.test_buried_treasure.TestBtSettings" name="test_settings_post_updates" time="0.150" /><testcase classname="backend.tests.test_buried_treasure.TestBtFinds" name="test_finds_returns_list" time="0.048" /><testcase classname="backend.tests.test_buried_treasure.TestBtFeed" name="test_feed_returns_array" time="0.047" /><testcase classname="backend.tests.test_buried_treasure.TestBtMatches" name="test_matches_returns_array" time="0.047" /><testcase classname="backend.tests.test_buried_treasure.TestBtNoGoZones" name="test_create_zone" time="0.057" /><testcase classname="backend.tests.test_buried_treasure.TestBtNoGoZones" name="test_list_includes_created" time="0.107" /><testcase classname="backend.tests.test_buried_treasure.TestBtNoGoZones" name="test_reject_short_polygon" time="0.096" /><testcase classname="backend.tests.test_buried_treasure.TestBtNoGoZones" name="test_delete_zone" time="0.101" /><testcase classname="backend.tests.test_buried_treasure.TestBtMatchInviteBadInput" name="test_invite_missing_friend_id" time="0.049" /></testsuite></testsuites>