<?xml version="1.0" encoding="utf-8"?><testsuites name="pytest tests"><testsuite name="pytest" errors="0" failures="0" skipped="0" tests="16" time="2.563" timestamp="2026-06-01T17:31:36.088483+00:00" hostname="agent-env-3536bda1-e85d-41df-93ae-85b5950b1c03"><testcase classname="backend.tests.test_bt_schedule_toggle.TestSchedule" name="test_get_schedule_default_when_unsaved" time="0.593" /><testcase classname="backend.tests.test_bt_schedule_toggle.TestSchedule" name="test_post_schedule_persists_values" time="0.136" /><testcase classname="backend.tests.test_bt_schedule_toggle.TestSchedule" name="test_sleep_all_day_overrides_is_awake_now" time="0.100" /><testcase classname="backend.tests.test_bt_schedule_toggle.TestSchedule" name="test_garbage_hhmm_coerces_to_default" time="0.051" /><testcase classname="backend.tests.test_bt_schedule_toggle.TestSchedule" name="test_wrap_around_window_accepted" time="0.053" /><testcase classname="backend.tests.test_bt_schedule_toggle.TestSchedule" name="test_invalid_timezone_falls_back_silently" time="0.120" /><testcase classname="backend.tests.test_bt_schedule_toggle.TestGroupToggle" name="test_toggle_off_then_prefs_reflects" time="0.207" /><testcase classname="backend.tests.test_bt_schedule_toggle.TestGroupToggle" name="test_toggle_back_on" time="0.099" /><testcase classname="backend.tests.test_bt_schedule_toggle.TestGroupToggle" name="test_toggle_unknown_group_404" time="0.057" /><testcase classname="backend.tests.test_bt_schedule_toggle.TestGroupToggle" name="test_toggle_non_member_403" time="0.546" /><testcase classname="backend.tests.test_bt_schedule_toggle.TestIsActiveNowSerialization" name="test_groups_mine_has_is_active_now" time="0.113" /><testcase classname="backend.tests.test_bt_schedule_toggle.TestIsActiveNowSerialization" name="test_groups_available_returns_200_with_field" time="0.053" /><testcase classname="backend.tests.test_bt_schedule_toggle.TestIsActiveNowSerialization" name="test_sleep_all_day_endpoint_still_200" time="0.155" /><testcase classname="backend.tests.test_bt_schedule_toggle.TestRegression" name="test_bt_settings_get_200" time="0.052" /><testcase classname="backend.tests.test_bt_schedule_toggle.TestRegression" name="test_bt_solo_current_200" time="0.069" /><testcase classname="backend.tests.test_bt_schedule_toggle.TestRegression" name="test_bt_groups_mine_200" time="0.063" /></testsuite></testsuites>