<?xml version="1.0" encoding="utf-8"?><testsuites name="pytest tests"><testsuite name="pytest" errors="0" failures="0" skipped="1" tests="35" time="4.299" timestamp="2026-05-30T04:26:26.793899+00:00" hostname="agent-env-3536bda1-e85d-41df-93ae-85b5950b1c03"><testcase classname="backend.tests.test_buried_treasure_v2.TestOldEndpointsGone" name="test_old_endpoint_404[/api/bt/chest/today]" time="0.526" /><testcase classname="backend.tests.test_buried_treasure_v2.TestOldEndpointsGone" name="test_old_endpoint_404[/api/bt/finds]" time="0.046" /><testcase classname="backend.tests.test_buried_treasure_v2.TestOldEndpointsGone" name="test_old_endpoint_404[/api/bt/settings]" time="0.047" /><testcase classname="backend.tests.test_buried_treasure_v2.TestOldEndpointsGone" name="test_old_endpoint_404[/api/bt/no-go-zones]" time="0.045" /><testcase classname="backend.tests.test_buried_treasure_v2.TestOldEndpointsGone" name="test_old_endpoint_404[/api/bt/feed]" time="0.045" /><testcase classname="backend.tests.test_buried_treasure_v2.TestOldEndpointsGone" name="test_old_endpoint_404[/api/bt/matches]" time="0.046" /><testcase classname="backend.tests.test_buried_treasure_v2.TestLocation" name="test_save_location_returns_ok" time="0.047" /><testcase classname="backend.tests.test_buried_treasure_v2.TestSolo" name="test_solo_start_clamps_radius_too_small" time="0.046" /><testcase classname="backend.tests.test_buried_treasure_v2.TestSolo" name="test_solo_start_clamps_radius_too_big" time="0.049" /><testcase classname="backend.tests.test_buried_treasure_v2.TestSolo" name="test_solo_start_creates_hunt" time="0.047" /><testcase classname="backend.tests.test_buried_treasure_v2.TestSolo" name="test_solo_current_returns_active" time="0.048" /><testcase classname="backend.tests.test_buried_treasure_v2.TestSolo" name="test_solo_compass_far_returns_distance_and_bearing" time="0.048" /><testcase classname="backend.tests.test_buried_treasure_v2.TestSolo" name="test_solo_find_too_far_returns_400_with_hint" time="0.045" /><testcase classname="backend.tests.test_buried_treasure_v2.TestSolo" name="test_solo_find_within_ring_awards_xp_and_autoassigns" time="0.000"><skipped type="pytest.skip" message="Cannot resolve the hidden chest coords through any public endpoint; success-path is exercised via direct DB-coupled test in TestSoloFindDirect.">/app/backend/tests/test_buried_treasure_v2.py:227: Cannot resolve the hidden chest coords through any public endpoint; success-path is exercised via direct DB-coupled test in TestSoloFindDirect.</skipped></testcase><testcase classname="backend.tests.test_buried_treasure_v2.TestSolo" name="test_solo_finds_list_envelope" time="0.045" /><testcase classname="backend.tests.test_buried_treasure_v2.TestSoloFindDirect" name="test_find_success_awards_xp_and_autoassigns" time="0.420" /><testcase classname="backend.tests.test_buried_treasure_v2.TestGroups" name="test_create_group_yields_6char_code_and_creator_accepted" time="0.095" /><testcase classname="backend.tests.test_buried_treasure_v2.TestGroups" name="test_invite_rejects_far_friend_and_accepts_near" time="1.099" /><testcase classname="backend.tests.test_buried_treasure_v2.TestGroups" name="test_only_creator_can_invite" time="0.051" /><testcase classname="backend.tests.test_buried_treasure_v2.TestGroups" name="test_groups_mine_includes_group" time="0.050" /><testcase classname="backend.tests.test_buried_treasure_v2.TestGroups" name="test_invitee_sees_group_in_mine" time="0.059" /><testcase classname="backend.tests.test_buried_treasure_v2.TestGroups" name="test_bury_blocked_while_pending" time="0.050" /><testcase classname="backend.tests.test_buried_treasure_v2.TestGroups" name="test_reject_only_for_pending" time="0.154" /><testcase classname="backend.tests.test_buried_treasure_v2.TestGroups" name="test_creator_can_bury_after_all_accepted" time="0.049" /><testcase classname="backend.tests.test_buried_treasure_v2.TestGroups" name="test_creator_compass_returns_creator_view" time="0.051" /><testcase classname="backend.tests.test_buried_treasure_v2.TestGroups" name="test_creator_cannot_find_own_chest" time="0.051" /><testcase classname="backend.tests.test_buried_treasure_v2.TestGroups" name="test_member_compass_returns_distance" time="0.053" /><testcase classname="backend.tests.test_buried_treasure_v2.TestGroups" name="test_member_find_too_far_400" time="0.052" /><testcase classname="backend.tests.test_buried_treasure_v2.TestGroups" name="test_member_find_success" time="0.080" /><testcase classname="backend.tests.test_buried_treasure_v2.TestGroups" name="test_after_finished_compass_and_find_blocked" time="0.098" /><testcase classname="backend.tests.test_buried_treasure_v2.TestJoinByCode" name="test_create_then_join_by_code" time="0.208" /><testcase classname="backend.tests.test_buried_treasure_v2.TestJoinByCode" name="test_join_by_code_rejects_far_user" time="0.170" /><testcase classname="backend.tests.test_buried_treasure_v2.TestJoinByCode" name="test_join_by_unknown_code_404" time="0.050" /><testcase classname="backend.tests.test_buried_treasure_v2.TestJoinByCode" name="test_join_by_short_code_400" time="0.054" /><testcase classname="backend.tests.test_buried_treasure_v2.TestGroupsAvailable" name="test_available_lists_friend_lobby" time="0.141" /></testsuite></testsuites>