<?xml version="1.0" encoding="utf-8"?><testsuites name="pytest tests"><testsuite name="pytest" errors="0" failures="0" skipped="0" tests="15" time="4.172" timestamp="2026-06-03T08:03:06.628236+00:00" hostname="agent-env-3536bda1-e85d-41df-93ae-85b5950b1c03"><testcase classname="backend.tests.test_bt_regression_iter12" name="test_get_endpoints_return_2xx[/api/bt/settings]" time="0.477" /><testcase classname="backend.tests.test_bt_regression_iter12" name="test_get_endpoints_return_2xx[/api/bt/schedule]" time="0.105" /><testcase classname="backend.tests.test_bt_regression_iter12" name="test_get_endpoints_return_2xx[/api/bt/solo/current]" time="0.103" /><testcase classname="backend.tests.test_bt_regression_iter12" name="test_get_endpoints_return_2xx[/api/bt/groups/mine]" time="0.130" /><testcase classname="backend.tests.test_bt_regression_iter12" name="test_get_endpoints_return_2xx[/api/bt/groups/available]" time="0.120" /><testcase classname="backend.tests.test_bt_regression_iter12" name="test_get_endpoints_return_2xx[/api/bt/invites/pending]" time="0.106" /><testcase classname="backend.tests.test_bt_regression_iter12" name="test_get_endpoints_return_2xx[/api/bt/friends-eligible]" time="0.103" /><testcase classname="backend.tests.test_bt_regression_iter12" name="test_post_settings_roundtrip" time="0.209" /><testcase classname="backend.tests.test_bt_regression_iter12" name="test_post_location" time="0.116" /><testcase classname="backend.tests.test_bt_regression_iter12" name="test_solo_start_and_current" time="0.212" /><testcase classname="backend.tests.test_bt_round_ab.TestFriendsEligible" name="test_returns_friends_with_correct_reasons" time="0.435" /><testcase classname="backend.tests.test_bt_round_ab.TestFriendsEligible" name="test_no_my_area_sets_reason_for_all" time="0.111" /><testcase classname="backend.tests.test_bt_round_ab.TestFriendsEligible" name="test_empty_friends_list" time="0.108" /><testcase classname="backend.tests.test_bt_round_ab.TestGroupAcceptRejectToggle" name="test_retoggle_in_lobby_and_lock_after_bury" time="0.777" /><testcase classname="backend.tests.test_bt_round_ab.TestInviteLifecycle" name="test_full_invite_lifecycle" time="0.856" /></testsuite></testsuites>