<?xml version="1.0" encoding="utf-8"?><testsuites name="pytest tests"><testsuite name="pytest" errors="0" failures="0" skipped="0" tests="7" time="41.454" timestamp="2026-06-17T19:38:58.107447+00:00" hostname="agent-env-3536bda1-e85d-41df-93ae-85b5950b1c03"><testcase classname="backend.tests.test_iter18_quest_cap.TestDefaultCap" name="test_default_cap_blocks_at_12" time="2.120" /><testcase classname="backend.tests.test_iter18_quest_cap.TestRaisedCap" name="test_raised_cap_to_20" time="2.741" /><testcase classname="backend.tests.test_iter18_quest_cap.TestLoweredCap" name="test_lowered_cap_blocks_new_without_deleting_existing" time="1.868" /><testcase classname="backend.tests.test_iter18_quest_cap.TestAdminBypass" name="test_admin_can_exceed_cap" time="33.110" /><testcase classname="backend.tests.test_iter18_quest_cap.TestGoalCapRegression" name="test_default_goal_cap_blocks_at_9" time="1.303" /><testcase classname="backend.tests.test_iter18_quest_cap.TestIter17Regression" name="test_spot_finds_still_200" time="0.116" /><testcase classname="backend.tests.test_iter18_quest_cap.TestIter17Regression" name="test_bt_no_go_zones_admin_get_200" time="0.104" /></testsuite></testsuites>