<?xml version="1.0" encoding="utf-8"?><testsuites name="pytest tests"><testsuite name="pytest" errors="0" failures="0" skipped="0" tests="9" time="1.240" timestamp="2026-06-02T12:38:58.543266+00:00" hostname="agent-env-3536bda1-e85d-41df-93ae-85b5950b1c03"><testcase classname="backend.tests.test_bt_schedule_sync.TestScheduleShape" name="test_response_shape_basic" time="0.600" /><testcase classname="backend.tests.test_bt_schedule_sync.TestScheduleDefault" name="test_scheduler_off_default_window" time="0.053" /><testcase classname="backend.tests.test_bt_schedule_sync.TestScheduleScheduler" name="test_day_shift_pattern" time="0.050" /><testcase classname="backend.tests.test_bt_schedule_sync.TestScheduleScheduler" name="test_night_shift_wrap_around" time="0.056" /><testcase classname="backend.tests.test_bt_schedule_sync.TestPostRemoved" name="test_post_schedule_returns_405_or_404" time="0.050" /><testcase classname="backend.tests.test_bt_schedule_sync.TestRegression" name="test_groups_mine_200" time="0.056" /><testcase classname="backend.tests.test_bt_schedule_sync.TestRegression" name="test_groups_available_200" time="0.061" /><testcase classname="backend.tests.test_bt_schedule_sync.TestRegression" name="test_bt_settings_200" time="0.051" /><testcase classname="backend.tests.test_bt_schedule_sync.TestRegression" name="test_bt_solo_current_200" time="0.052" /></testsuite></testsuites>