<?xml version="1.0" encoding="utf-8"?><testsuites name="pytest tests"><testsuite name="pytest" errors="0" failures="0" skipped="0" tests="10" time="1.146" timestamp="2026-04-23T13:19:27.919139+00:00" hostname="agent-env-fb7c0d8e-5d4f-4a83-a67a-2937963f24d8"><testcase classname="backend.tests.test_onboarding.TestProfileFresh" name="test_fresh_profile_has_flags" time="0.335" /><testcase classname="backend.tests.test_onboarding.TestOnboardingUpdate" name="test_partial_onboarding_builds_bio" time="0.057" /><testcase classname="backend.tests.test_onboarding.TestOnboardingUpdate" name="test_get_after_onboarding_persists" time="0.056" /><testcase classname="backend.tests.test_onboarding.TestAvatar" name="test_set_avatar_persists" time="0.117" /><testcase classname="backend.tests.test_onboarding.TestReset" name="test_reset_clears_onboarding" time="0.064" /><testcase classname="backend.tests.test_onboarding.TestTaskReminders" name="test_create_task_with_scheduled_time" time="0.054" /><testcase classname="backend.tests.test_onboarding.TestTaskReminders" name="test_list_returns_scheduled_fields" time="0.054" /><testcase classname="backend.tests.test_onboarding.TestTaskReminders" name="test_cleanup_created_task" time="0.055" /><testcase classname="backend.tests.test_onboarding.TestSeedDefaults" name="test_seed_creates_reminded_tasks" time="0.167" /><testcase classname="backend.tests.test_onboarding.TestSeedDefaults" name="test_seed_idempotent" time="0.058" /></testsuite></testsuites>