<?xml version="1.0" encoding="utf-8"?><testsuites name="pytest tests"><testsuite name="pytest" errors="0" failures="0" skipped="0" tests="13" time="1.833" timestamp="2026-04-23T17:28:06.357638+00:00" hostname="agent-env-fb7c0d8e-5d4f-4a83-a67a-2937963f24d8"><testcase classname="backend.tests.test_library_gratitude.TestLibraryApps" name="test_list_apps_has_five" time="0.568" /><testcase classname="backend.tests.test_library_gratitude.TestLibraryApps" name="test_prices_correct" time="0.060" /><testcase classname="backend.tests.test_library_gratitude.TestLibraryApps" name="test_fresh_all_unpurchased" time="0.047" /><testcase classname="backend.tests.test_library_gratitude.TestLibraryApps" name="test_purchase_anxiety" time="0.051" /><testcase classname="backend.tests.test_library_gratitude.TestLibraryApps" name="test_purchased_reflected_in_list" time="0.056" /><testcase classname="backend.tests.test_library_gratitude.TestLibraryApps" name="test_purchase_unknown_404" time="0.058" /><testcase classname="backend.tests.test_library_gratitude.TestLibraryApps" name="test_purchase_idempotent" time="0.101" /><testcase classname="backend.tests.test_library_gratitude.TestLibraryApps" name="test_refund_anxiety" time="0.137" /><testcase classname="backend.tests.test_library_gratitude.TestGratitude" name="test_create_gratitude" time="0.056" /><testcase classname="backend.tests.test_library_gratitude.TestGratitude" name="test_gratitude_persists_newest_first" time="0.098" /><testcase classname="backend.tests.test_library_gratitude.TestGratitude" name="test_gratitude_empty_returns_400" time="0.049" /><testcase classname="backend.tests.test_library_gratitude.TestGratitude" name="test_gratitude_whitespace_only_returns_400" time="0.049" /><testcase classname="backend.tests.test_library_gratitude.TestGratitude" name="test_gratitude_truncates_to_three" time="0.321" /></testsuite></testsuites>