<?xml version="1.0" encoding="utf-8"?><testsuites name="pytest tests"><testsuite name="pytest" errors="0" failures="0" skipped="0" tests="4" time="756.111" timestamp="2026-06-18T09:25:23.805726+00:00" hostname="agent-env-3536bda1-e85d-41df-93ae-85b5950b1c03"><testcase classname="backend.tests.test_iter19_solo_daily_reset.TestSoloDailyReset" name="test_reset_via_solo_current" time="250.109" /><testcase classname="backend.tests.test_iter19_solo_daily_reset.TestSoloDailyReset" name="test_no_premature_reset" time="125.108" /><testcase classname="backend.tests.test_iter19_solo_daily_reset.TestSoloDailyReset" name="test_reset_via_solo_compass" time="254.720" /><testcase classname="backend.tests.test_iter19_solo_daily_reset.TestSoloDailyReset" name="test_backfill_when_no_next_reset_at" time="125.979" /></testsuite></testsuites>