<?xml version="1.0" encoding="utf-8"?><testsuites name="pytest tests"><testsuite name="pytest" errors="0" failures="0" skipped="0" tests="3" time="0.962" timestamp="2026-06-02T15:55:09.816197+00:00" hostname="agent-env-3536bda1-e85d-41df-93ae-85b5950b1c03"><testcase classname="backend.tests.test_price_override_display.TestLibraryPricingOverrideDisplay" name="test_initial_no_override" time="0.572" /><testcase classname="backend.tests.test_price_override_display.TestLibraryPricingOverrideDisplay" name="test_set_override_then_pricing_reflects_it" time="0.112" /><testcase classname="backend.tests.test_price_override_display.TestLibraryPricingOverrideDisplay" name="test_clear_override_resets_flag" time="0.210" /></testsuite></testsuites>