<?xml version="1.0" encoding="utf-8"?><testsuites name="pytest tests"><testsuite name="pytest" errors="0" failures="0" skipped="0" tests="15" time="41.543" timestamp="2026-06-14T22:22:05.550674+00:00" hostname="agent-env-3536bda1-e85d-41df-93ae-85b5950b1c03"><testcase classname="backend.tests.test_bt_iter14_green_check.TestBackendSmoke" name="test_root" time="0.255" /><testcase classname="backend.tests.test_bt_iter14_green_check.TestBackendSmoke" name="test_bury_route_exists" time="0.846" /><testcase classname="backend.tests.test_bt_iter14_green_check.TestBackendSmoke" name="test_hide_route_exists" time="0.170" /><testcase classname="backend.tests.test_bt_iter14_green_check.TestGreenHelpers" name="test_helpers_import_and_is_coord_green_falls_open" time="13.243" /><testcase classname="backend.tests.test_bt_iter14_green_check.TestFriendProfileMiniApps" name="test_self_profile_contains_treasure" time="0.150" /><testcase classname="backend.tests.test_bt_iter14_green_check.TestFriendProfileMiniApps" name="test_friend_profile_inactive_when_unused" time="0.128" /><testcase classname="backend.tests.test_bt_iter14_green_check.TestFriendProfileMiniApps" name="test_friend_profile_active_when_has_location" time="0.180" /><testcase classname="backend.tests.test_bt_iter14_green_check.TestGroupBury" name="test_non_creator_403" time="0.103" /><testcase classname="backend.tests.test_bt_iter14_green_check.TestGroupBury" name="test_pending_invitees_400" time="0.104" /><testcase classname="backend.tests.test_bt_iter14_green_check.TestGroupBury" name="test_happy_path_overpass_falls_open" time="12.849" /><testcase classname="backend.tests.test_bt_iter14_green_check.TestGroupBury" name="test_blocked_coord_rejected" time="0.137" /><testcase classname="backend.tests.test_bt_iter14_green_check.TestGroupHide" name="test_status_not_finished_400" time="0.143" /><testcase classname="backend.tests.test_bt_iter14_green_check.TestGroupHide" name="test_non_holder_403" time="0.101" /><testcase classname="backend.tests.test_bt_iter14_green_check.TestGroupHide" name="test_holder_blocked_coord_400" time="0.137" /><testcase classname="backend.tests.test_bt_iter14_green_check.TestGroupHide" name="test_holder_happy_overpass_falls_open" time="12.791" /></testsuite></testsuites>