<?xml version="1.0" encoding="utf-8"?><testsuites name="pytest tests"><testsuite name="pytest" errors="0" failures="0" skipped="0" tests="7" time="1.247" timestamp="2026-06-02T11:29:15.229950+00:00" hostname="agent-env-3536bda1-e85d-41df-93ae-85b5950b1c03"><testcase classname="backend.tests.test_bt_iteration8_map_clue.TestSoloStartChestCoords" name="test_start_returns_chest_coords_inside_area" time="0.593" /><testcase classname="backend.tests.test_bt_iteration8_map_clue.TestSoloStartChestCoords" name="test_solo_current_includes_chest_coords" time="0.117" /><testcase classname="backend.tests.test_bt_iteration8_map_clue.TestCompassShape" name="test_compass_shape_unchanged" time="0.165" /><testcase classname="backend.tests.test_bt_iteration8_map_clue.TestRegressionSweep" name="test_groups_mine" time="0.102" /><testcase classname="backend.tests.test_bt_iteration8_map_clue.TestRegressionSweep" name="test_groups_available" time="0.076" /><testcase classname="backend.tests.test_bt_iteration8_map_clue.TestRegressionSweep" name="test_schedule_get" time="0.064" /><testcase classname="backend.tests.test_bt_iteration8_map_clue.TestRegressionSweep" name="test_schedule_post" time="0.062" /></testsuite></testsuites>