<?xml version="1.0" encoding="utf-8"?><testsuites name="pytest tests"><testsuite name="pytest" errors="0" failures="1" skipped="0" tests="10" time="1.914" timestamp="2026-06-03T08:02:54.374513+00:00" hostname="agent-env-3536bda1-e85d-41df-93ae-85b5950b1c03"><testcase classname="backend.tests.test_bt_regression_iter12" name="test_get_endpoints_return_2xx[/api/bt/settings]" time="0.604" /><testcase classname="backend.tests.test_bt_regression_iter12" name="test_get_endpoints_return_2xx[/api/bt/schedule]" time="0.148" /><testcase classname="backend.tests.test_bt_regression_iter12" name="test_get_endpoints_return_2xx[/api/bt/solo/current]" time="0.104" /><testcase classname="backend.tests.test_bt_regression_iter12" name="test_get_endpoints_return_2xx[/api/bt/groups/mine]" time="0.115" /><testcase classname="backend.tests.test_bt_regression_iter12" name="test_get_endpoints_return_2xx[/api/bt/groups/available]" time="0.103" /><testcase classname="backend.tests.test_bt_regression_iter12" name="test_get_endpoints_return_2xx[/api/bt/invites/pending]" time="0.104" /><testcase classname="backend.tests.test_bt_regression_iter12" name="test_get_endpoints_return_2xx[/api/bt/friends-eligible]" time="0.101" /><testcase classname="backend.tests.test_bt_regression_iter12" name="test_post_settings_roundtrip" time="0.228"><failure message="AssertionError: assert None == -33.8688&#10; +  where None = &lt;built-in method get of dict object at 0xfc1c657555c0&gt;('lat')&#10; +    where &lt;built-in method get of dict object at 0xfc1c657555c0&gt; = {'area': {'label': None, 'lat': -33.8688, 'lng': 151.2093, 'radius_m': 800.0, ...}}.get">backend/tests/test_bt_regression_iter12.py:64: in test_post_settings_roundtrip
    assert s.get("lat") == payload["lat"]
E   AssertionError: assert None == -33.8688
E    +  where None = &lt;built-in method get of dict object at 0xfc1c657555c0&gt;('lat')
E    +    where &lt;built-in method get of dict object at 0xfc1c657555c0&gt; = {'area': {'label': None, 'lat': -33.8688, 'lng': 151.2093, 'radius_m': 800.0, ...}}.get</failure></testcase><testcase classname="backend.tests.test_bt_regression_iter12" name="test_post_location" time="0.109" /><testcase classname="backend.tests.test_bt_regression_iter12" name="test_solo_start_and_current" time="0.210" /></testsuite></testsuites>