<?xml version="1.0" encoding="utf-8"?><testsuites name="pytest tests"><testsuite name="pytest" errors="0" failures="0" skipped="0" tests="14" time="2.302" timestamp="2026-06-17T16:05:25.999624+00:00" hostname="agent-env-3536bda1-e85d-41df-93ae-85b5950b1c03"><testcase classname="backend.tests.test_iter16_p1_endpoints.TestP1Endpoints" name="test_penalties_pending" time="0.552" /><testcase classname="backend.tests.test_iter16_p1_endpoints.TestP1Endpoints" name="test_chat_preferences" time="0.105" /><testcase classname="backend.tests.test_iter16_p1_endpoints.TestP1Endpoints" name="test_active_boost" time="0.098" /><testcase classname="backend.tests.test_iter16_p1_endpoints.TestP1Endpoints" name="test_boost_inventory" time="0.143" /><testcase classname="backend.tests.test_iter16_p1_endpoints.TestRegression" name="test_profile" time="0.111" /><testcase classname="backend.tests.test_iter16_p1_endpoints.TestRegression" name="test_login_again" time="0.323" /><testcase classname="backend.tests.test_iter16_p1_endpoints.TestRegression" name="test_bt_settings" time="0.100" /><testcase classname="backend.tests.test_iter16_p1_endpoints.TestRegression" name="test_schedule" time="0.112" /><testcase classname="backend.tests.test_iter16_p1_endpoints.TestRegression" name="test_boosts_status" time="0.098" /><testcase classname="backend.tests.test_iter16_p1_endpoints.TestRegression" name="test_boosts_pricing" time="0.099" /><testcase classname="backend.tests.test_iter16_p1_endpoints.TestNotFoundRegression" name="test_route_registered[/api/penalties/pending]" time="0.101" /><testcase classname="backend.tests.test_iter16_p1_endpoints.TestNotFoundRegression" name="test_route_registered[/api/chat/preferences]" time="0.101" /><testcase classname="backend.tests.test_iter16_p1_endpoints.TestNotFoundRegression" name="test_route_registered[/api/active-boost]" time="0.104" /><testcase classname="backend.tests.test_iter16_p1_endpoints.TestNotFoundRegression" name="test_route_registered[/api/boost/inventory]" time="0.180" /></testsuite></testsuites>