<?xml version="1.0" encoding="utf-8"?><testsuites name="pytest tests"><testsuite name="pytest" errors="0" failures="0" skipped="0" tests="3" time="1.173" timestamp="2026-06-02T19:28:26.802509+00:00" hostname="agent-env-3536bda1-e85d-41df-93ae-85b5950b1c03"><testcase classname="backend.tests.test_bt_round_ab.TestFriendsEligible" name="test_returns_friends_with_correct_reasons" time="0.714" /><testcase classname="backend.tests.test_bt_round_ab.TestFriendsEligible" name="test_no_my_area_sets_reason_for_all" time="0.149" /><testcase classname="backend.tests.test_bt_round_ab.TestFriendsEligible" name="test_empty_friends_list" time="0.110" /></testsuite></testsuites>