<?xml version="1.0" encoding="utf-8"?><testsuites name="pytest tests"><testsuite name="pytest" errors="0" failures="0" skipped="0" tests="5" time="3.045" timestamp="2026-06-03T08:01:47.100759+00:00" hostname="agent-env-3536bda1-e85d-41df-93ae-85b5950b1c03"><testcase classname="backend.tests.test_bt_round_ab.TestFriendsEligible" name="test_returns_friends_with_correct_reasons" time="0.722" /><testcase classname="backend.tests.test_bt_round_ab.TestFriendsEligible" name="test_no_my_area_sets_reason_for_all" time="0.147" /><testcase classname="backend.tests.test_bt_round_ab.TestFriendsEligible" name="test_empty_friends_list" time="0.137" /><testcase classname="backend.tests.test_bt_round_ab.TestGroupAcceptRejectToggle" name="test_retoggle_in_lobby_and_lock_after_bury" time="0.851" /><testcase classname="backend.tests.test_bt_round_ab.TestInviteLifecycle" name="test_full_invite_lifecycle" time="0.989" /></testsuite></testsuites>