<?xml version="1.0" encoding="utf-8"?><testsuites name="pytest tests"><testsuite name="pytest" errors="0" failures="0" skipped="0" tests="17" time="41.937" timestamp="2026-06-14T22:30:06.547276+00:00" hostname="agent-env-3536bda1-e85d-41df-93ae-85b5950b1c03"><testcase classname="backend.tests.test_bt_iter14_green_check.TestBackendSmoke" name="test_root" time="0.276" /><testcase classname="backend.tests.test_bt_iter14_green_check.TestBackendSmoke" name="test_bury_route_exists" time="0.464" /><testcase classname="backend.tests.test_bt_iter14_green_check.TestBackendSmoke" name="test_hide_route_exists" time="0.113" /><testcase classname="backend.tests.test_bt_iter14_green_check.TestGreenHelpers" name="test_helpers_import_and_is_coord_green_falls_open" time="13.277" /><testcase classname="backend.tests.test_bt_iter14_green_check.TestFriendProfileMiniApps" name="test_self_profile_contains_treasure" time="0.167" /><testcase classname="backend.tests.test_bt_iter14_green_check.TestFriendProfileMiniApps" name="test_friend_profile_inactive_when_unused" time="0.142" /><testcase classname="backend.tests.test_bt_iter14_green_check.TestFriendProfileMiniApps" name="test_friend_profile_active_when_has_location" time="0.104" /><testcase classname="backend.tests.test_bt_iter14_green_check.TestGroupBury" name="test_non_creator_403" time="0.106" /><testcase classname="backend.tests.test_bt_iter14_green_check.TestGroupBury" name="test_pending_invitees_400" time="0.108" /><testcase classname="backend.tests.test_bt_iter14_green_check.TestGroupBury" name="test_happy_path_overpass_falls_open" time="12.821" /><testcase classname="backend.tests.test_bt_iter14_green_check.TestGroupBury" name="test_blocked_coord_rejected" time="0.138" /><testcase classname="backend.tests.test_bt_iter14_green_check.TestGroupHide" name="test_status_not_finished_400" time="0.124" /><testcase classname="backend.tests.test_bt_iter14_green_check.TestGroupHide" name="test_non_holder_403" time="0.123" /><testcase classname="backend.tests.test_bt_iter14_green_check.TestGroupHide" name="test_holder_blocked_coord_400" time="0.129" /><testcase classname="backend.tests.test_bt_iter14_green_check.TestGroupHide" name="test_holder_happy_overpass_falls_open" time="12.987" /><testcase classname="backend.tests.test_library_treasure_iter15.TestLibraryTreasure" name="test_pricing_has_treasure_key" time="0.566" /><testcase classname="backend.tests.test_library_treasure_iter15.TestLibraryTreasure" name="test_ratings_has_treasure_key" time="0.105" /></testsuite></testsuites>