<?xml version="1.0" encoding="utf-8"?><testsuites name="pytest tests"><testsuite name="pytest" errors="0" failures="2" skipped="0" tests="7" time="1.108" timestamp="2026-06-02T10:42:51.131102+00:00" hostname="agent-env-3536bda1-e85d-41df-93ae-85b5950b1c03"><testcase classname="backend.tests.test_bt_iteration8_map_clue.TestSoloStartChestCoords" name="test_start_returns_chest_coords_inside_area" time="0.574"><failure message="AssertionError: {'area': {'lat': -33.8688, 'lng': 151.2093, 'radius_m': 800.0}, 'created_at': '2026-06-02T10:42:51.745669+00:00', 'status': 'active', 'user_id': '03618ecf-464f-45db-9270-944d92d1b4a0'}&#10;assert ('chest_lat' in {'area': {'lat': -33.8688, 'lng': 151.2093, 'radius_m': 800.0}, 'created_at': '2026-06-02T10:42:51.745669+00:00', 'status': 'active', 'user_id': '03618ecf-464f-45db-9270-944d92d1b4a0'})">backend/tests/test_bt_iteration8_map_clue.py:60: in test_start_returns_chest_coords_inside_area
    assert "chest_lat" in body and "chest_lng" in body, body
E   AssertionError: {'area': {'lat': -33.8688, 'lng': 151.2093, 'radius_m': 800.0}, 'created_at': '2026-06-02T10:42:51.745669+00:00', 'status': 'active', 'user_id': '03618ecf-464f-45db-9270-944d92d1b4a0'}
E   assert ('chest_lat' in {'area': {'lat': -33.8688, 'lng': 151.2093, 'radius_m': 800.0}, 'created_at': '2026-06-02T10:42:51.745669+00:00', 'status': 'active', 'user_id': '03618ecf-464f-45db-9270-944d92d1b4a0'})</failure></testcase><testcase classname="backend.tests.test_bt_iteration8_map_clue.TestSoloStartChestCoords" name="test_solo_current_includes_chest_coords" time="0.101"><failure message="AssertionError: {'area': {'lat': -33.8688, 'lng': 151.2093, 'radius_m': 800.0}, 'created_at': '2026-06-02T10:42:51.840342+00:00', 'status': 'active', 'user_id': '03618ecf-464f-45db-9270-944d92d1b4a0'}&#10;assert 'chest_lat' in {'area': {'lat': -33.8688, 'lng': 151.2093, 'radius_m': 800.0}, 'created_at': '2026-06-02T10:42:51.840342+00:00', 'status': 'active', 'user_id': '03618ecf-464f-45db-9270-944d92d1b4a0'}">backend/tests/test_bt_iteration8_map_clue.py:85: in test_solo_current_includes_chest_coords
    assert "chest_lat" in hunt, hunt
E   AssertionError: {'area': {'lat': -33.8688, 'lng': 151.2093, 'radius_m': 800.0}, 'created_at': '2026-06-02T10:42:51.840342+00:00', 'status': 'active', 'user_id': '03618ecf-464f-45db-9270-944d92d1b4a0'}
E   assert 'chest_lat' in {'area': {'lat': -33.8688, 'lng': 151.2093, 'radius_m': 800.0}, 'created_at': '2026-06-02T10:42:51.840342+00:00', 'status': 'active', 'user_id': '03618ecf-464f-45db-9270-944d92d1b4a0'}</failure></testcase><testcase classname="backend.tests.test_bt_iteration8_map_clue.TestCompassShape" name="test_compass_shape_unchanged" time="0.109" /><testcase classname="backend.tests.test_bt_iteration8_map_clue.TestRegressionSweep" name="test_groups_mine" time="0.068" /><testcase classname="backend.tests.test_bt_iteration8_map_clue.TestRegressionSweep" name="test_groups_available" time="0.048" /><testcase classname="backend.tests.test_bt_iteration8_map_clue.TestRegressionSweep" name="test_schedule_get" time="0.051" /><testcase classname="backend.tests.test_bt_iteration8_map_clue.TestRegressionSweep" name="test_schedule_post" time="0.050" /></testsuite></testsuites>