<?xml version="1.0" encoding="utf-8"?><testsuites name="pytest tests"><testsuite name="pytest" errors="0" failures="1" skipped="0" tests="22" time="2.833" timestamp="2026-04-23T10:11:00.107433+00:00" hostname="agent-env-fb7c0d8e-5d4f-4a83-a67a-2937963f24d8"><testcase classname="backend.tests.test_levelup.TestProfile" name="test_get_profile_default" time="0.402" /><testcase classname="backend.tests.test_levelup.TestProfile" name="test_update_name" time="0.050" /><testcase classname="backend.tests.test_levelup.TestSeed" name="test_seed_idempotent" time="0.044" /><testcase classname="backend.tests.test_levelup.TestSeed" name="test_seed_count_is_8" time="0.044" /><testcase classname="backend.tests.test_levelup.TestTasks" name="test_list_tasks_has_completed_flag" time="0.046" /><testcase classname="backend.tests.test_levelup.TestTasks" name="test_create_custom_task" time="0.096" /><testcase classname="backend.tests.test_levelup.TestTasks" name="test_complete_task_awards_xp" time="0.093" /><testcase classname="backend.tests.test_levelup.TestTasks" name="test_double_complete_idempotent" time="0.140" /><testcase classname="backend.tests.test_levelup.TestTasks" name="test_uncomplete_task_subtracts_xp" time="0.146" /><testcase classname="backend.tests.test_levelup.TestTasks" name="test_xp_never_negative" time="0.138" /><testcase classname="backend.tests.test_levelup.TestTasks" name="test_delete_task" time="0.093" /><testcase classname="backend.tests.test_levelup.TestAchievements" name="test_all_12_achievements_returned" time="0.045" /><testcase classname="backend.tests.test_levelup.TestAchievements" name="test_first_task_unlocks" time="0.143" /><testcase classname="backend.tests.test_levelup.TestAchievements" name="test_level_3_unlocks_at_250_xp" time="0.580"><failure message="assert 160 &gt;= 250">backend/tests/test_levelup.py:181: in test_level_3_unlocks_at_250_xp
    assert pr["total_xp"] &gt;= 250
E   assert 160 &gt;= 250</failure></testcase><testcase classname="backend.tests.test_levelup.TestStats" name="test_daily_rings" time="0.045" /><testcase classname="backend.tests.test_levelup.TestStats" name="test_weekly_7_days" time="0.052" /><testcase classname="backend.tests.test_levelup.TestStats" name="test_by_area" time="0.044" /><testcase classname="backend.tests.test_levelup.TestGoals" name="test_create_goal" time="0.055" /><testcase classname="backend.tests.test_levelup.TestGoals" name="test_list_goals" time="0.046" /><testcase classname="backend.tests.test_levelup.TestGoals" name="test_progress_and_completion_bonus" time="0.139" /><testcase classname="backend.tests.test_levelup.TestGoals" name="test_delete_goal" time="0.091" /><testcase classname="backend.tests.test_levelup.TestReset" name="test_reset_wipes" time="0.092" /></testsuite></testsuites>