<?xml version="1.0" encoding="utf-8"?><testsuites name="pytest tests"><testsuite name="pytest" errors="0" failures="0" skipped="0" tests="28" time="285.937" timestamp="2026-06-03T08:46:48.217909+00:00" hostname="agent-env-3536bda1-e85d-41df-93ae-85b5950b1c03"><testcase classname="backend.tests.test_bt_reports.TestCanReport" name="test_no_hunt_param" time="0.482" /><testcase classname="backend.tests.test_bt_reports.TestCanReport" name="test_can_report_true_when_no_pending" time="0.112" /><testcase classname="backend.tests.test_bt_reports.TestReportValidation" name="test_invalid_source" time="0.107" /><testcase classname="backend.tests.test_bt_reports.TestReportValidation" name="test_invalid_category" time="0.108" /><testcase classname="backend.tests.test_bt_reports.TestReportValidation" name="test_group_missing_group_id" time="0.099" /><testcase classname="backend.tests.test_bt_reports.TestReportValidation" name="test_group_not_found" time="0.112" /><testcase classname="backend.tests.test_bt_reports.TestReportValidation" name="test_solo_no_active_hunt" time="0.104" /><testcase classname="backend.tests.test_bt_reports.TestSoloAdminSelf" name="test_admin_reports_own_solo_recipients_zero" time="44.620" /><testcase classname="backend.tests.test_bt_reports.TestSoloNonAdmin" name="test_non_admin_recipients_admin_only" time="0.202" /><testcase classname="backend.tests.test_bt_reports.TestGroupReports" name="test_group_not_hunting_returns_400" time="0.102" /><testcase classname="backend.tests.test_bt_reports.TestGroupReports" name="test_group_non_member_403" time="0.112" /><testcase classname="backend.tests.test_bt_reports.TestGroupReports" name="test_group_member_reports_recipients_dedupe" time="0.104" /><testcase classname="backend.tests.test_bt_reports.TestRateLimit" name="test_second_pending_409_then_ok_after_ignore" time="0.423" /><testcase classname="backend.tests.test_bt_reports.TestPendingFeed" name="test_pending_shows_then_clears_on_ignore" time="0.434" /><testcase classname="backend.tests.test_bt_reports.TestGetSingleReport" name="test_shape_and_viewed_by" time="0.204" /><testcase classname="backend.tests.test_bt_reports.TestGetSingleReport" name="test_non_recipient_non_reporter_non_admin_403" time="0.217" /><testcase classname="backend.tests.test_bt_reports.TestConfirmIgnore" name="test_confirm_inserts_block_then_409_on_second" time="0.336" /><testcase classname="backend.tests.test_bt_reports.TestConfirmIgnore" name="test_ignore_no_block_then_400_on_second" time="0.345" /><testcase classname="backend.tests.test_bt_reports.TestBlockedChestPicker" name="test_chest_avoids_blocked_coord" time="236.351" /><testcase classname="backend.tests.test_bt_reports.TestRegressionSmoke" name="test_get_endpoint_200[/api/bt/settings]" time="0.211" /><testcase classname="backend.tests.test_bt_reports.TestRegressionSmoke" name="test_get_endpoint_200[/api/bt/schedule]" time="0.124" /><testcase classname="backend.tests.test_bt_reports.TestRegressionSmoke" name="test_get_endpoint_200[/api/bt/solo/current]" time="0.110" /><testcase classname="backend.tests.test_bt_reports.TestRegressionSmoke" name="test_get_endpoint_200[/api/bt/groups/mine]" time="0.120" /><testcase classname="backend.tests.test_bt_reports.TestRegressionSmoke" name="test_get_endpoint_200[/api/bt/groups/available]" time="0.106" /><testcase classname="backend.tests.test_bt_reports.TestRegressionSmoke" name="test_get_endpoint_200[/api/bt/friends-eligible]" time="0.117" /><testcase classname="backend.tests.test_bt_reports.TestRegressionSmoke" name="test_get_endpoint_200[/api/bt/invites/pending]" time="0.136" /><testcase classname="backend.tests.test_bt_reports.TestRegressionSmoke" name="test_get_endpoint_200[/api/bt/reports/pending]" time="0.112" /><testcase classname="backend.tests.test_bt_reports.TestRegressionSmoke" name="test_post_location" time="0.106" /></testsuite></testsuites>