<?xml version="1.0" encoding="utf-8"?><testsuites name="pytest tests"><testsuite name="pytest" errors="0" failures="0" skipped="0" tests="4" time="1.223" timestamp="2026-06-02T05:22:44.880738+00:00" hostname="agent-env-3536bda1-e85d-41df-93ae-85b5950b1c03"><testcase classname="backend.tests.test_tasks_orphan_regression.TestTasksOrphanRegression" name="test_get_tasks_today_returns_200" time="0.569" /><testcase classname="backend.tests.test_tasks_orphan_regression.TestTasksOrphanRegression" name="test_get_tasks_with_orphan_log_does_not_500" time="0.067" /><testcase classname="backend.tests.test_tasks_orphan_regression.TestTasksOrphanRegression" name="test_create_complete_and_list_flow" time="0.206" /><testcase classname="backend.tests.test_tasks_orphan_regression.TestTasksOrphanRegression" name="test_orphan_log_plus_real_completion_coexist" time="0.189" /></testsuite></testsuites>