<?xml version="1.0" encoding="utf-8"?><testsuites name="pytest tests"><testsuite name="pytest" errors="0" failures="0" skipped="0" tests="13" time="2.376" timestamp="2026-06-17T16:28:46.809023+00:00" hostname="agent-env-3536bda1-e85d-41df-93ae-85b5950b1c03"><testcase classname="backend.tests.test_iter17_spot_finds_no_go_zones.TestSpotFinds" name="test_spot_finds_authed_shape" time="0.577" /><testcase classname="backend.tests.test_iter17_spot_finds_no_go_zones.TestSpotFinds" name="test_spot_finds_route_registered" time="0.107" /><testcase classname="backend.tests.test_iter17_spot_finds_no_go_zones.TestNoGoZonesCRUD" name="test_create_zone_valid_polygon" time="0.112" /><testcase classname="backend.tests.test_iter17_spot_finds_no_go_zones.TestNoGoZonesCRUD" name="test_list_zones_contains_created" time="0.104" /><testcase classname="backend.tests.test_iter17_spot_finds_no_go_zones.TestNoGoZonesCRUD" name="test_create_zone_short_polygon_returns_400" time="0.134" /><testcase classname="backend.tests.test_iter17_spot_finds_no_go_zones.TestNoGoZonesCRUD" name="test_delete_zone_and_verify_gone" time="0.214" /><testcase classname="backend.tests.test_iter17_spot_finds_no_go_zones.TestNoGoZonesAuth" name="test_get_unauthenticated_is_403" time="0.100" /><testcase classname="backend.tests.test_iter17_spot_finds_no_go_zones.TestNoGoZonesAuth" name="test_get_non_admin_is_403" time="0.441" /><testcase classname="backend.tests.test_iter17_spot_finds_no_go_zones.TestNoGoZonesAuth" name="test_post_non_admin_is_403" time="0.112" /><testcase classname="backend.tests.test_iter17_spot_finds_no_go_zones.TestP1Regression" name="test_penalties_pending" time="0.102" /><testcase classname="backend.tests.test_iter17_spot_finds_no_go_zones.TestP1Regression" name="test_chat_preferences" time="0.105" /><testcase classname="backend.tests.test_iter17_spot_finds_no_go_zones.TestP1Regression" name="test_active_boost" time="0.104" /><testcase classname="backend.tests.test_iter17_spot_finds_no_go_zones.TestP1Regression" name="test_boost_inventory" time="0.097" /></testsuite></testsuites>