<?xml version="1.0" encoding="utf-8"?><testsuites name="pytest tests"><testsuite name="pytest" errors="0" failures="0" skipped="0" tests="4" time="4.800" timestamp="2026-04-23T18:20:40.110537+00:00" hostname="agent-env-fb7c0d8e-5d4f-4a83-a67a-2937963f24d8"><testcase classname="backend.tests.test_adaptive_order" name="test_tasks_contract_fields_fresh" time="0.464" /><testcase classname="backend.tests.test_adaptive_order" name="test_complete_on_yesterday_date_creates_log" time="0.159" /><testcase classname="backend.tests.test_adaptive_order" name="test_adaptive_order_reflects_yesterday_completion_order" time="4.016" /><testcase classname="backend.tests.test_adaptive_order" name="test_duplicate_complete_is_idempotent" time="0.093" /></testsuite></testsuites>