<?xml version="1.0" encoding="utf-8"?><testsuites name="pytest tests"><testsuite name="pytest" errors="0" failures="0" skipped="0" tests="21" time="3.292" timestamp="2026-05-24T18:17:10.888616+00:00" hostname="agent-env-3536bda1-e85d-41df-93ae-85b5950b1c03"><testcase classname="backend.tests.test_backend_api.TestHealth" name="test_root_health" time="0.235" /><testcase classname="backend.tests.test_backend_api.TestAuthLogin" name="test_admin_login_returns_jwt_and_user" time="0.314" /><testcase classname="backend.tests.test_backend_api.TestAuthLogin" name="test_admin_login_wrong_password" time="0.276" /><testcase classname="backend.tests.test_backend_api.TestAuthRegister" name="test_register_new_user_creates_account" time="0.567" /><testcase classname="backend.tests.test_backend_api.TestAuthRegister" name="test_register_short_password_rejected" time="0.053" /><testcase classname="backend.tests.test_backend_api.TestAuthGuards" name="test_auth_me_without_token_rejected" time="0.133" /><testcase classname="backend.tests.test_backend_api.TestAuthGuards" name="test_auth_me_with_garbage_token_rejected" time="0.105" /><testcase classname="backend.tests.test_backend_api.TestAdminProfile" name="test_admin_profile_flag" time="0.335" /><testcase classname="backend.tests.test_backend_api.TestAdminProfile" name="test_auth_me_returns_admin" time="0.054" /><testcase classname="backend.tests.test_backend_api.TestDayAnchorOnboarding" name="test_profile_has_day_anchor_fields" time="0.058" /><testcase classname="backend.tests.test_backend_api.TestDayAnchorOnboarding" name="test_admin_day_anchor_already_locked" time="0.052" /><testcase classname="backend.tests.test_backend_api.TestDayAnchorOnboarding" name="test_new_user_can_set_day_anchor" time="0.443" /><testcase classname="backend.tests.test_backend_api.TestChallenges" name="test_challenge_today" time="0.063" /><testcase classname="backend.tests.test_backend_api.TestChallenges" name="test_challenge_past_list" time="0.055" /><testcase classname="backend.tests.test_backend_api.TestChallenges" name="test_challenge_today_works_anon" time="0.129" /><testcase classname="backend.tests.test_backend_api.TestScheduler" name="test_scheduler_status_running_with_all_jobs" time="0.063" /><testcase classname="backend.tests.test_backend_api.TestMongoIdHygiene" name="test_no_mongo_id_in_responses[/api/profile]" time="0.054" /><testcase classname="backend.tests.test_backend_api.TestMongoIdHygiene" name="test_no_mongo_id_in_responses[/api/auth/me]" time="0.058" /><testcase classname="backend.tests.test_backend_api.TestMongoIdHygiene" name="test_no_mongo_id_in_responses[/api/challenge/today]" time="0.070" /><testcase classname="backend.tests.test_backend_api.TestMongoIdHygiene" name="test_no_mongo_id_in_responses[/api/tasks]" time="0.061" /><testcase classname="backend.tests.test_backend_api.TestMongoIdHygiene" name="test_no_mongo_id_in_responses[/api/goals]" time="0.059" /></testsuite></testsuites>